  Minigin.cpp
     Creating library G:\Desktop\DAE\Programming 4\Exam_Assignment\Exam_Assignment\Minigin\Win32\Release\Minigin.lib and object G:\Desktop\DAE\Programming 4\Exam_Assignment\Exam_Assignment\Minigin\Win32\Release\Minigin.exp
  Generating code
  0 of 1238 functions ( 0.0%) were compiled, the rest were copied from previous compilation.
    0 functions were new in current compilation
    0 functions had inline decision re-evaluated but remain unchanged
  Finished generating code
  Minigin.vcxproj -> G:\Desktop\DAE\Programming 4\Exam_Assignment\Exam_Assignment\Minigin\Win32\Release\Minigin.exe
  G:\Desktop\DAE\Programming 4\Exam_Assignment\Exam_Assignment\Minigin\3rdParty\SDL2\lib\x86\SDL2.dll
  1 File(s) copied
  G:\Desktop\DAE\Programming 4\Exam_Assignment\Exam_Assignment\Minigin\3rdParty\SDL2_image\lib\x86\libjpeg-9.dll
  G:\Desktop\DAE\Programming 4\Exam_Assignment\Exam_Assignment\Minigin\3rdParty\SDL2_image\lib\x86\libpng16-16.dll
  G:\Desktop\DAE\Programming 4\Exam_Assignment\Exam_Assignment\Minigin\3rdParty\SDL2_image\lib\x86\libtiff-5.dll
  G:\Desktop\DAE\Programming 4\Exam_Assignment\Exam_Assignment\Minigin\3rdParty\SDL2_image\lib\x86\libwebp-7.dll
  G:\Desktop\DAE\Programming 4\Exam_Assignment\Exam_Assignment\Minigin\3rdParty\SDL2_image\lib\x86\SDL2_image.dll
  G:\Desktop\DAE\Programming 4\Exam_Assignment\Exam_Assignment\Minigin\3rdParty\SDL2_image\lib\x86\zlib1.dll
  6 File(s) copied
  G:\Desktop\DAE\Programming 4\Exam_Assignment\Exam_Assignment\Minigin\3rdParty\SDL2_ttf\lib\x86\libfreetype-6.dll
  G:\Desktop\DAE\Programming 4\Exam_Assignment\Exam_Assignment\Minigin\3rdParty\SDL2_ttf\lib\x86\SDL2_ttf.dll
  2 File(s) copied
